0 info it worked if it ends with ok
1 verbose cli [ '/usr/local/bin/node', '/usr/local/bin/npm', 'start' ]
2 info using npm@3.7.3
3 info using node@v5.8.0
4 verbose run-script [ 'prestart', 'start', 'poststart' ]
5 info lifecycle F1-jekyll-starter@1.0.0~prestart: F1-jekyll-starter@1.0.0
6 silly lifecycle F1-jekyll-starter@1.0.0~prestart: no script for prestart, continuing
7 info lifecycle F1-jekyll-starter@1.0.0~start: F1-jekyll-starter@1.0.0
8 verbose lifecycle F1-jekyll-starter@1.0.0~start: unsafe-perm in lifecycle true
9 verbose lifecycle F1-jekyll-starter@1.0.0~start: PATH: /usr/local/lib/node_modules/npm/bin/node-gyp-bin:/Applications/MAMP/htdocs/portfolio/node_modules/.bin:/usr/local/bin:/Users/dmoon/.rvm/gems/ruby-2.2.1/bin:/Users/dmoon/.rvm/gems/ruby-2.2.1@global/bin:/Users/dmoon/.rvm/rubies/ruby-2.2.1/bin:/usr/local/bin:/Users/dmoon/.node/bin:/Applications/MAMP/bin/php/php5.5.26/bin:/Users/dmoon/.composer/vendor/bin:/usr/local/bin:/usr/bin:/bin:/usr/sbin:/sbin:~/scripts:/Applications/MAMP/Library/bin:/Users/dmoon/.rvm/bin
10 verbose lifecycle F1-jekyll-starter@1.0.0~start: CWD: /Applications/MAMP/htdocs/portfolio
11 silly lifecycle F1-jekyll-starter@1.0.0~start: Args: [ '-c', 'grunt build && grunt start' ]
12 silly lifecycle F1-jekyll-starter@1.0.0~start: Returned: code: 3  signal: null
13 info lifecycle F1-jekyll-starter@1.0.0~start: Failed to exec start script
14 verbose stack Error: F1-jekyll-starter@1.0.0 start: `grunt build && grunt start`
14 verbose stack Exit status 3
14 verbose stack     at EventEmitter.<anonymous> (/usr/local/lib/node_modules/npm/lib/utils/lifecycle.js:239:16)
14 verbose stack     at emitTwo (events.js:100:13)
14 verbose stack     at EventEmitter.emit (events.js:185:7)
14 verbose stack     at ChildProcess.<anonymous> (/usr/local/lib/node_modules/npm/lib/utils/spawn.js:24:14)
14 verbose stack     at emitTwo (events.js:100:13)
14 verbose stack     at ChildProcess.emit (events.js:185:7)
14 verbose stack     at maybeClose (internal/child_process.js:850:16)
14 verbose stack     at Process.ChildProcess._handle.onexit (internal/child_process.js:215:5)
15 verbose pkgid F1-jekyll-starter@1.0.0
16 verbose cwd /Applications/MAMP/htdocs/portfolio
17 error Darwin 15.3.0
18 error argv "/usr/local/bin/node" "/usr/local/bin/npm" "start"
19 error node v5.8.0
20 error npm  v3.7.3
21 error code ELIFECYCLE
22 error F1-jekyll-starter@1.0.0 start: `grunt build && grunt start`
22 error Exit status 3
23 error Failed at the F1-jekyll-starter@1.0.0 start script 'grunt build && grunt start'.
23 error Make sure you have the latest version of node.js and npm installed.
23 error If you do, this is most likely a problem with the F1-jekyll-starter package,
23 error not with npm itself.
23 error Tell the author that this fails on your system:
23 error     grunt build && grunt start
23 error You can get information on how to open an issue for this project with:
23 error     npm bugs F1-jekyll-starter
23 error Or if that isn't available, you can get their info via:
23 error     npm owner ls F1-jekyll-starter
23 error There is likely additional logging output above.
24 verbose exit [ 1, true ]
